-- listing properties --
java.runtime.name=Java(TM) SE Runtime Environment
sun.boot.library.path=/usr/lib/jvm/jdk1.8.0_92/jre/lib/amd64
java.vm.version=25.92-b14
java.vm.vendor=Oracle Corporation
java.vendor.url=http://java.oracle.com/
path.separator=:
java.vm.name=Java HotSpot(TM) 64-Bit Server VM
file.encoding.pkg=sun.io
user.country=IT
sun.java.launcher=SUN_STANDARD
sun.os.patch.level=unknown
java.vm.specification.name=Java Virtual Machine Specification
user.dir=/media/jacoposa/73308a4b-f492-4f8b-a0...
java.runtime.version=1.8.0_92-b14
java.awt.graphicsenv=sun.awt.X11GraphicsEnvironment
java.endorsed.dirs=/usr/lib/jvm/jdk1.8.0_92/jre/lib/endo...
os.arch=amd64
java.io.tmpdir=/tmp
line.separator=

java.vm.specification.vendor=Oracle Corporation
os.name=Linux
sun.jnu.encoding=UTF-8
java.library.path=/usr/lib/firefox/:/usr/java/packages/...
java.specification.name=Java Platform API Specification
java.class.version=52.0
sun.management.compiler=HotSpot 64-Bit Tiered Compilers
os.version=4.4.0-22-generic
user.home=/home/jacoposa
user.timezone=
java.awt.printerjob=sun.print.PSPrinterJob
file.encoding=UTF-8
java.specification.version=1.8
user.name=jacoposa
java.class.path=/media/jacoposa/73308a4b-f492-4f8b-a0...
java.vm.specification.version=1.8
sun.arch.data.model=64
java.home=/usr/lib/jvm/jdk1.8.0_92/jre
sun.java.command=com.javaLang.SystemGetProperties
java.specification.vendor=Oracle Corporation
user.language=it
awt.toolkit=sun.awt.X11.XToolkit
java.vm.info=mixed mode
java.version=1.8.0_92
java.ext.dirs=/usr/lib/jvm/jdk1.8.0_92/jre/lib/ext:...
sun.boot.class.path=/usr/lib/jvm/jdk1.8.0_92/jre/lib/reso...
java.vendor=Oracle Corporation
file.separator=/
java.vendor.url.bug=http://bugreport.sun.com/bugreport/
sun.cpu.endian=little
sun.io.unicode.encoding=UnicodeLittle
sun.desktop=gnome
sun.cpu.isalist=
